[Simulation begins] Wed Jun  5 16:19:25 2024

dt= 0.00687906, # iters = 2000
m x n = 800 x 800
processor geometry: 1 x 1

Using SSE Intrinsics
Compiled with MPI ENABLED

[Simulation completes] Wed Jun  5 16:19:26 2024

End at iteration 1999
Max norm: 9.92479e-01, L2norm: 5.63440e-01
Running Time: 1.49821 sec. [23.9 GFlop/sec]

   M x N   px x py Comm?   #iter  T_p, Gflops        Linf, L2
@ 800 800    1 1      Y     2000  1.498 23.92    9.92479e-01 5.63440e-01
  -----

[Simulation begins] Wed Jun  5 16:19:27 2024

dt= 0.00687906, # iters = 2000
m x n = 800 x 800
processor geometry: 2 x 1

Using SSE Intrinsics
Compiled with MPI ENABLED

[Simulation completes] Wed Jun  5 16:19:28 2024

End at iteration 1999
Max norm: 9.92479e-01, L2norm: 5.63440e-01
Running Time: 0.821781 sec. [43.6 GFlop/sec]

   M x N   px x py Comm?   #iter  T_p, Gflops        Linf, L2
@ 800 800    2 1      Y     2000  0.8218 43.61    9.92479e-01 5.63440e-01
  -----

[Simulation begins] Wed Jun  5 16:19:28 2024

dt= 0.00687906, # iters = 2000
m x n = 800 x 800
processor geometry: 1 x 2

Using SSE Intrinsics
Compiled with MPI ENABLED

[Simulation completes] Wed Jun  5 16:19:29 2024

End at iteration 1999
Max norm: 9.92479e-01, L2norm: 5.63440e-01
Running Time: 0.780873 sec. [45.9 GFlop/sec]

   M x N   px x py Comm?   #iter  T_p, Gflops        Linf, L2
@ 800 800    1 2      Y     2000  0.7809 45.9    9.92479e-01 5.63440e-01
  -----

[Simulation begins] Wed Jun  5 16:19:29 2024

dt= 0.00687906, # iters = 2000
m x n = 800 x 800
processor geometry: 4 x 1

Using SSE Intrinsics
Compiled with MPI ENABLED

[Simulation completes] Wed Jun  5 16:19:30 2024

End at iteration 1999
Max norm: 9.92479e-01, L2norm: 5.63440e-01
Running Time: 0.402168 sec. [89.1 GFlop/sec]

   M x N   px x py Comm?   #iter  T_p, Gflops        Linf, L2
@ 800 800    4 1      Y     2000  0.4022 89.12    9.92479e-01 5.63440e-01
  -----

[Simulation begins] Wed Jun  5 16:19:30 2024

dt= 0.00687906, # iters = 2000
m x n = 800 x 800
processor geometry: 2 x 2

Using SSE Intrinsics
Compiled with MPI ENABLED

[Simulation completes] Wed Jun  5 16:19:31 2024

End at iteration 1999
Max norm: 9.92479e-01, L2norm: 5.63440e-01
Running Time: 0.412411 sec. [86.9 GFlop/sec]

   M x N   px x py Comm?   #iter  T_p, Gflops        Linf, L2
@ 800 800    2 2      Y     2000  0.4124 86.9    9.92479e-01 5.63440e-01
  -----

[Simulation begins] Wed Jun  5 16:19:31 2024

dt= 0.00687906, # iters = 2000
m x n = 800 x 800
processor geometry: 1 x 4

Using SSE Intrinsics
Compiled with MPI ENABLED

[Simulation completes] Wed Jun  5 16:19:32 2024

End at iteration 1999
Max norm: 9.92479e-01, L2norm: 5.63440e-01
Running Time: 0.387819 sec. [92.4 GFlop/sec]

   M x N   px x py Comm?   #iter  T_p, Gflops        Linf, L2
@ 800 800    1 4      Y     2000  0.3878 92.41    9.92479e-01 5.63440e-01
  -----

[Simulation begins] Wed Jun  5 16:19:32 2024

dt= 0.00687906, # iters = 2000
m x n = 800 x 800
processor geometry: 8 x 1

Using SSE Intrinsics
Compiled with MPI ENABLED

[Simulation completes] Wed Jun  5 16:19:32 2024

End at iteration 1999
Max norm: 9.92479e-01, L2norm: 5.63440e-01
Running Time: 0.219309 sec. [163 GFlop/sec]

   M x N   px x py Comm?   #iter  T_p, Gflops        Linf, L2
@ 800 800    8 1      Y     2000  0.2193 163.4    9.92479e-01 5.63440e-01
  -----

[Simulation begins] Wed Jun  5 16:19:33 2024

dt= 0.00687906, # iters = 2000
m x n = 800 x 800
processor geometry: 4 x 2

Using SSE Intrinsics
Compiled with MPI ENABLED

[Simulation completes] Wed Jun  5 16:19:33 2024

End at iteration 1999
Max norm: 9.92479e-01, L2norm: 5.63440e-01
Running Time: 0.219001 sec. [164 GFlop/sec]

   M x N   px x py Comm?   #iter  T_p, Gflops        Linf, L2
@ 800 800    4 2      Y     2000  0.219 163.7    9.92479e-01 5.63440e-01
  -----

[Simulation begins] Wed Jun  5 16:19:34 2024

dt= 0.00687906, # iters = 2000
m x n = 800 x 800
processor geometry: 2 x 4

Using SSE Intrinsics
Compiled with MPI ENABLED

[Simulation completes] Wed Jun  5 16:19:34 2024

End at iteration 1999
Max norm: 9.92479e-01, L2norm: 5.63440e-01
Running Time: 0.219052 sec. [164 GFlop/sec]

   M x N   px x py Comm?   #iter  T_p, Gflops        Linf, L2
@ 800 800    2 4      Y     2000  0.2191 163.6    9.92479e-01 5.63440e-01
  -----

[Simulation begins] Wed Jun  5 16:19:35 2024

dt= 0.00687906, # iters = 2000
m x n = 800 x 800
processor geometry: 1 x 8

Using SSE Intrinsics
Compiled with MPI ENABLED

[Simulation completes] Wed Jun  5 16:19:35 2024

End at iteration 1999
Max norm: 9.92479e-01, L2norm: 5.63440e-01
Running Time: 0.204792 sec. [175 GFlop/sec]

   M x N   px x py Comm?   #iter  T_p, Gflops        Linf, L2
@ 800 800    1 8      Y     2000  0.2048 175    9.92479e-01 5.63440e-01
  -----

[Simulation begins] Wed Jun  5 16:19:35 2024

dt= 0.00687906, # iters = 2000
m x n = 800 x 800
processor geometry: 12 x 1

Using SSE Intrinsics
Compiled with MPI ENABLED

[Simulation completes] Wed Jun  5 16:19:36 2024

End at iteration 1999
Max norm: 9.92479e-01, L2norm: 5.63440e-01
Running Time: 0.169856 sec. [211 GFlop/sec]

   M x N   px x py Comm?   #iter  T_p, Gflops        Linf, L2
@ 800 800    12 1      Y     2000  0.1699 211    9.92479e-01 5.63440e-01
  -----

[Simulation begins] Wed Jun  5 16:19:36 2024

dt= 0.00687906, # iters = 2000
m x n = 800 x 800
processor geometry: 6 x 2

Using SSE Intrinsics
Compiled with MPI ENABLED

[Simulation completes] Wed Jun  5 16:19:36 2024

End at iteration 1999
Max norm: 9.92479e-01, L2norm: 5.63440e-01
Running Time: 0.163333 sec. [219 GFlop/sec]

   M x N   px x py Comm?   #iter  T_p, Gflops        Linf, L2
@ 800 800    6 2      Y     2000  0.1633 219.4    9.92479e-01 5.63440e-01
  -----

[Simulation begins] Wed Jun  5 16:19:37 2024

dt= 0.00687906, # iters = 2000
m x n = 800 x 800
processor geometry: 4 x 3

Using SSE Intrinsics
Compiled with MPI ENABLED

[Simulation completes] Wed Jun  5 16:19:37 2024

End at iteration 1999
Max norm: 9.92479e-01, L2norm: 5.63440e-01
Running Time: 0.153128 sec. [234 GFlop/sec]

   M x N   px x py Comm?   #iter  T_p, Gflops        Linf, L2
@ 800 800    4 3      Y     2000  0.1531 234.1    9.92479e-01 5.63440e-01
  -----

[Simulation begins] Wed Jun  5 16:19:38 2024

dt= 0.00687906, # iters = 2000
m x n = 800 x 800
processor geometry: 3 x 4

Using SSE Intrinsics
Compiled with MPI ENABLED

[Simulation completes] Wed Jun  5 16:19:38 2024

End at iteration 1999
Max norm: 9.92479e-01, L2norm: 5.63440e-01
Running Time: 0.156436 sec. [229 GFlop/sec]

   M x N   px x py Comm?   #iter  T_p, Gflops        Linf, L2
@ 800 800    3 4      Y     2000  0.1564 229.1    9.92479e-01 5.63440e-01
  -----

[Simulation begins] Wed Jun  5 16:19:39 2024

dt= 0.00687906, # iters = 2000
m x n = 800 x 800
processor geometry: 2 x 6

Using SSE Intrinsics
Compiled with MPI ENABLED

[Simulation completes] Wed Jun  5 16:19:39 2024

End at iteration 1999
Max norm: 9.92479e-01, L2norm: 5.63440e-01
Running Time: 0.153244 sec. [234 GFlop/sec]

   M x N   px x py Comm?   #iter  T_p, Gflops        Linf, L2
@ 800 800    2 6      Y     2000  0.1532 233.9    9.92479e-01 5.63440e-01
  -----

[Simulation begins] Wed Jun  5 16:19:39 2024

dt= 0.00687906, # iters = 2000
m x n = 800 x 800
processor geometry: 1 x 12

Using SSE Intrinsics
Compiled with MPI ENABLED

[Simulation completes] Wed Jun  5 16:19:40 2024

End at iteration 1999
Max norm: 9.92479e-01, L2norm: 5.63440e-01
Running Time: 0.143377 sec. [250 GFlop/sec]

   M x N   px x py Comm?   #iter  T_p, Gflops        Linf, L2
@ 800 800    1 12      Y     2000  0.1434 250    9.92479e-01 5.63440e-01
  -----

[Simulation begins] Wed Jun  5 16:19:40 2024

dt= 0.00687906, # iters = 2000
m x n = 800 x 800
processor geometry: 16 x 1

Using SSE Intrinsics
Compiled with MPI ENABLED

[Simulation completes] Wed Jun  5 16:19:40 2024

End at iteration 1999
Max norm: 9.92479e-01, L2norm: 5.63440e-01
Running Time: 0.143101 sec. [250 GFlop/sec]

   M x N   px x py Comm?   #iter  T_p, Gflops        Linf, L2
@ 800 800    16 1      Y     2000  0.1431 250.5    9.92479e-01 5.63440e-01
  -----

[Simulation begins] Wed Jun  5 16:19:41 2024

dt= 0.00687906, # iters = 2000
m x n = 800 x 800
processor geometry: 8 x 2

Using SSE Intrinsics
Compiled with MPI ENABLED

[Simulation completes] Wed Jun  5 16:19:41 2024

End at iteration 1999
Max norm: 9.92479e-01, L2norm: 5.63440e-01
Running Time: 0.128912 sec. [278 GFlop/sec]

   M x N   px x py Comm?   #iter  T_p, Gflops        Linf, L2
@ 800 800    8 2      Y     2000  0.1289 278    9.92479e-01 5.63440e-01
  -----

[Simulation begins] Wed Jun  5 16:19:42 2024

dt= 0.00687906, # iters = 2000
m x n = 800 x 800
processor geometry: 4 x 4

Using SSE Intrinsics
Compiled with MPI ENABLED

[Simulation completes] Wed Jun  5 16:19:42 2024

End at iteration 1999
Max norm: 9.92479e-01, L2norm: 5.63440e-01
Running Time: 0.124415 sec. [288 GFlop/sec]

   M x N   px x py Comm?   #iter  T_p, Gflops        Linf, L2
@ 800 800    4 4      Y     2000  0.1244 288.1    9.92479e-01 5.63440e-01
  -----

[Simulation begins] Wed Jun  5 16:19:43 2024

dt= 0.00687906, # iters = 2000
m x n = 800 x 800
processor geometry: 2 x 8

Using SSE Intrinsics
Compiled with MPI ENABLED

[Simulation completes] Wed Jun  5 16:19:43 2024

End at iteration 1999
Max norm: 9.92479e-01, L2norm: 5.63440e-01
Running Time: 0.128854 sec. [278 GFlop/sec]

   M x N   px x py Comm?   #iter  T_p, Gflops        Linf, L2
@ 800 800    2 8      Y     2000  0.1289 278.1    9.92479e-01 5.63440e-01
  -----

[Simulation begins] Wed Jun  5 16:19:44 2024

dt= 0.00687906, # iters = 2000
m x n = 800 x 800
processor geometry: 1 x 16

Using SSE Intrinsics
Compiled with MPI ENABLED

[Simulation completes] Wed Jun  5 16:19:44 2024

End at iteration 1999
Max norm: 9.92479e-01, L2norm: 5.63440e-01
Running Time: 0.117153 sec. [306 GFlop/sec]

   M x N   px x py Comm?   #iter  T_p, Gflops        Linf, L2
@ 800 800    1 16      Y     2000  0.1172 305.9    9.92479e-01 5.63440e-01
  -----